<?xml version="1.0" encoding="UTF-8"?>
<!-- Generated by org.testng.reporters.JUnitReportReporter -->
<testsuite hostname="DESKTOP-N4NP63O" failures="0" tests="3" name="com.orangeHrm.qa.testcases.HrmLoginPageTest" time="3.158" errors="0" timestamp="2024-04-19T16:51:54 IST" skipped="0">
  <testcase classname="com.orangeHrm.qa.testcases.HrmLoginPageTest" name="hrmTitle" time="0.343"/>
  <testcase classname="com.orangeHrm.qa.testcases.HrmLoginPageTest" name="hrmLogo" time="1.392"/>
  <testcase classname="com.orangeHrm.qa.testcases.HrmLoginPageTest" name="HRMLogin" time="1.423"/>
</testsuite> <!-- com.orangeHrm.qa.testcases.HrmLoginPageTest -->
